<?xml version="1.0" ?>
<testsuite name="TestArithmeticProgression-20231222111541" tests="1" time="0.000" failures="0" errors="0">
	<testcase classname="TestArithmeticProgression" name="test_calculate_sum" time="0.000"/>
	<system-out><![CDATA[]]></system-out>
	<system-err><![CDATA[]]></system-err>
</testsuite>
